d:\github\dx11engine\directx 11 engine vs2017\x64\debug\vc141.pdb
d:\github\dx11engine\directx 11 engine vs2017\x64\debug\vc141.idb
d:\github\dx11engine\directx 11 engine vs2017\x64\debug\windowcontainer.obj
d:\github\dx11engine\directx 11 engine vs2017\x64\debug\stringconverter.obj
d:\github\dx11engine\directx 11 engine vs2017\x64\debug\source.obj
d:\github\dx11engine\directx 11 engine vs2017\x64\debug\shaders.obj
d:\github\dx11engine\directx 11 engine vs2017\x64\debug\renderwindow.obj
d:\github\dx11engine\directx 11 engine vs2017\x64\debug\mouseevent.obj
d:\github\dx11engine\directx 11 engine vs2017\x64\debug\mouseclass.obj
d:\github\dx11engine\directx 11 engine vs2017\x64\debug\keyboardevent.obj
d:\github\dx11engine\directx 11 engine vs2017\x64\debug\keyboardclass.obj
d:\github\dx11engine\directx 11 engine vs2017\x64\debug\graphics.obj
d:\github\dx11engine\directx 11 engine vs2017\x64\debug\errorlogger.obj
d:\github\dx11engine\directx 11 engine vs2017\x64\debug\engine.obj
d:\github\dx11engine\directx 11 engine vs2017\x64\debug\adapterreader.obj
d:\github\dx11engine\directx 11 engine vs2017\x64\debug\camera.obj
d:\github\dx11engine\x64\debug\pixelshader.cso
d:\github\dx11engine\x64\debug\vertexshader.cso
d:\github\dx11engine\x64\debug\directx 11 engine vs2017.ilk
d:\github\dx11engine\x64\debug\directx 11 engine vs2017.exe
d:\github\dx11engine\x64\debug\directx 11 engine vs2017.pdb
d:\github\dx11engine\directx 11 engine vs2017\x64\debug\directx .05f48a78.tlog\cl.command.1.tlog
d:\github\dx11engine\directx 11 engine vs2017\x64\debug\directx .05f48a78.tlog\cl.read.1.tlog
d:\github\dx11engine\directx 11 engine vs2017\x64\debug\directx .05f48a78.tlog\cl.write.1.tlog
d:\github\dx11engine\directx 11 engine vs2017\x64\debug\directx .05f48a78.tlog\fxc.command.1.tlog
d:\github\dx11engine\directx 11 engine vs2017\x64\debug\directx .05f48a78.tlog\fxc.read.1.tlog
d:\github\dx11engine\directx 11 engine vs2017\x64\debug\directx .05f48a78.tlog\fxc.write.1.tlog
d:\github\dx11engine\directx 11 engine vs2017\x64\debug\directx .05f48a78.tlog\link.command.1.tlog
d:\github\dx11engine\directx 11 engine vs2017\x64\debug\directx .05f48a78.tlog\link.read.1.tlog
d:\github\dx11engine\directx 11 engine vs2017\x64\debug\directx .05f48a78.tlog\link.write.1.tlog
